生成启动时间为 2016/4/30 19:17:48。
     1>项目“C:\Users\Jade\Documents\Visual Studio 2013\Projects\545Project_WL\545Project_WL\545Project_WL.vcxproj”在节点 2 上(Build 个目标)。
     1>ClCompile:
         C:\Program Files (x86)\Microsoft Visual Studio 12.0\VC\bin\CL.exe /c /AI"C:\Program Files (x86)\Reference Assemblies\Microsoft\Framework\.NETFramework\v4.5\\" /AI"C:\Program Files (x86)\Windows Kits\8.1\References\CommonConfiguration\Neutral" /AI"C:\Program Files (x86)\Reference Assemblies\Microsoft\Framework\.NETFramework\v4.5\Facades\\" /Zi /clr /nologo /W3 /WX- /Od /Oy- /D WIN32 /D _DEBUG /EHa /MDd /GS /fp:precise /Zc:wchar_t /Zc:forScope /Fo"Debug\\" /Fd"Debug\vc120.pdb" /TP /FU"C:\Program Files (x86)\Reference Assemblies\Microsoft\Framework\.NETFramework\v4.5\mscorlib.dll" /analyze- /errorReport:prompt /clr:nostdlib Data.cpp Performance.cpp Strategy.cpp downloadFile.cpp indicator.cpp main.cpp
         Data.cpp
     1>Data.cpp(30): warning C4996: 'strtok': This function or variable may be unsafe. Consider using strtok_s instead. To disable deprecation, use _CRT_SECURE_NO_WARNINGS. See online help for details.
                 C:\Program Files (x86)\Microsoft Visual Studio 12.0\VC\include\string.h(204) : 参见“strtok”的声明
     1>Data.cpp(33): warning C4996: 'strtok': This function or variable may be unsafe. Consider using strtok_s instead. To disable deprecation, use _CRT_SECURE_NO_WARNINGS. See online help for details.
                 C:\Program Files (x86)\Microsoft Visual Studio 12.0\VC\include\string.h(204) : 参见“strtok”的声明
     1>Data.cpp(36): warning C4996: 'strtok': This function or variable may be unsafe. Consider using strtok_s instead. To disable deprecation, use _CRT_SECURE_NO_WARNINGS. See online help for details.
                 C:\Program Files (x86)\Microsoft Visual Studio 12.0\VC\include\string.h(204) : 参见“strtok”的声明
     1>Data.cpp(39): warning C4996: 'strtok': This function or variable may be unsafe. Consider using strtok_s instead. To disable deprecation, use _CRT_SECURE_NO_WARNINGS. See online help for details.
                 C:\Program Files (x86)\Microsoft Visual Studio 12.0\VC\include\string.h(204) : 参见“strtok”的声明
     1>Data.cpp(42): warning C4996: 'strtok': This function or variable may be unsafe. Consider using strtok_s instead. To disable deprecation, use _CRT_SECURE_NO_WARNINGS. See online help for details.
                 C:\Program Files (x86)\Microsoft Visual Studio 12.0\VC\include\string.h(204) : 参见“strtok”的声明
     1>Data.cpp(45): warning C4996: 'strtok': This function or variable may be unsafe. Consider using strtok_s instead. To disable deprecation, use _CRT_SECURE_NO_WARNINGS. See online help for details.
                 C:\Program Files (x86)\Microsoft Visual Studio 12.0\VC\include\string.h(204) : 参见“strtok”的声明
     1>Data.cpp(48): warning C4996: 'strtok': This function or variable may be unsafe. Consider using strtok_s instead. To disable deprecation, use _CRT_SECURE_NO_WARNINGS. See online help for details.
                 C:\Program Files (x86)\Microsoft Visual Studio 12.0\VC\include\string.h(204) : 参见“strtok”的声明
         Performance.cpp
     1>Performance.cpp(25): warning C4018: “<”: 有符号/无符号不匹配
         Strategy.cpp
     1>Strategy.cpp(52): warning C4018: “<”: 有符号/无符号不匹配
     1>Strategy.cpp(56): warning C4018: “<”: 有符号/无符号不匹配
     1>Strategy.cpp(76): warning C4018: “<”: 有符号/无符号不匹配
     1>Strategy.cpp(84): warning C4018: “<”: 有符号/无符号不匹配
     1>Strategy.cpp(107): warning C4018: “<”: 有符号/无符号不匹配
     1>Strategy.cpp(107): warning C4554: “&”: 检查运算符优先级可能存在的错误；使用圆括号阐明优先级
     1>Strategy.cpp(121): warning C4018: “>”: 有符号/无符号不匹配
         downloadFile.cpp
         indicator.cpp
     1>indicator.cpp(49): warning C4018: “<”: 有符号/无符号不匹配
     1>indicator.cpp(60): warning C4018: “<”: 有符号/无符号不匹配
         main.cpp
     1>main.cpp(36): warning C4018: “<”: 有符号/无符号不匹配
         正在生成代码...
         C:\Program Files (x86)\Microsoft Visual Studio 12.0\VC\bin\CL.exe /c /Zi /clr /nologo /W3 /WX- /Od /Oy- /D WIN32 /D _DEBUG /EHa /MDd /GS /fp:precise /Zc:wchar_t /Zc:forScope /Fo"Debug\\" /Fd"Debug\vc120.pdb" /TP /analyze- /errorReport:prompt "C:\Users\Jade\AppData\Local\Temp\.NETFramework,Version=v4.5.AssemblyAttributes.cpp"
         .NETFramework,Version=v4.5.AssemblyAttributes.cpp
       Link:
         C:\Program Files (x86)\Microsoft Visual Studio 12.0\VC\bin\link.exe /ERRORREPORT:PROMPT /OUT:"C:\Users\Jade\Documents\Visual Studio 2013\Projects\545Project_WL\Debug\545Project_WL.exe" /INCREMENTAL /NOLOGO /MANIFEST /MANIFESTUAC:"level='asInvoker' uiAccess='false'" /manifest:embed /DEBUG /PDB:"C:\Users\Jade\Documents\Visual Studio 2013\Projects\545Project_WL\Debug\545Project_WL.pdb" /ASSEMBLYDEBUG /TLBID:1 /DYNAMICBASE /FIXED:NO /NXCOMPAT /MACHINE:X86 Debug\Data.obj
         Debug\downloadFile.obj
         Debug\indicator.obj
         Debug\logger.obj
         Debug\main.obj
         Debug\Performance.obj
         Debug\Strategy.obj
         Debug\Tools.obj
         "Debug\.NETFramework,Version=v4.5.AssemblyAttributes.obj"
         545Project_WL.vcxproj -> C:\Users\Jade\Documents\Visual Studio 2013\Projects\545Project_WL\Debug\545Project_WL.exe
     1>已完成生成项目“C:\Users\Jade\Documents\Visual Studio 2013\Projects\545Project_WL\545Project_WL\545Project_WL.vcxproj”(Build 个目标)的操作。

生成成功。

已用时间 00:00:17.35
